\BOOKMARK [0][-]{chapter.1}{\376\377\000I\000n\000t\000r\000o\000d\000u\000c\000t\000i\000o\000n}{}% 1
\BOOKMARK [1][-]{section.1.1}{\376\377\000C\000o\000n\000t\000e\000x\000t\000e\000\040\000e\000t\000\040\000m\000o\000t\000i\000v\000a\000t\000i\000o\000n}{chapter.1}% 2
\BOOKMARK [1][-]{section.1.2}{\376\377\000P\000\351\000r\000i\000m\000\350\000t\000r\000e\000\040\000d\000u\000\040\000p\000r\000o\000j\000e\000t}{chapter.1}% 3
\BOOKMARK [1][-]{section.1.3}{\376\377\000O\000r\000g\000a\000n\000i\000s\000a\000t\000i\000o\000n\000\040\000d\000u\000\040\000d\000\351\000p\000\364\000t}{chapter.1}% 4
\BOOKMARK [1][-]{section.1.4}{\376\377\000M\000o\000d\000e\000s\000\040\000d\000'\000e\000x\000\351\000c\000u\000t\000i\000o\000n}{chapter.1}% 5
\BOOKMARK [1][-]{section.1.5}{\376\377\000O\000r\000g\000a\000n\000i\000s\000a\000t\000i\000o\000n\000\040\000d\000u\000\040\000r\000a\000p\000p\000o\000r\000t}{chapter.1}% 6
\BOOKMARK [1][-]{section.1.6}{\376\377\000C\000o\000n\000v\000e\000n\000t\000i\000o\000n\000s\000\040\000d\000o\000c\000u\000m\000e\000n\000t\000\351\000e\000s}{chapter.1}% 7
\BOOKMARK [0][-]{chapter.2}{\376\377\000A\000n\000a\000l\000y\000s\000e\000\040\000d\000u\000\040\000b\000e\000s\000o\000i\000n\000\040\000e\000t\000\040\000o\000b\000j\000e\000c\000t\000i\000f\000s}{}% 8
\BOOKMARK [1][-]{section.2.1}{\376\377\000P\000r\000o\000b\000l\000\351\000m\000a\000t\000i\000q\000u\000e\000\040\000m\000\351\000t\000i\000e\000r}{chapter.2}% 9
\BOOKMARK [1][-]{section.2.2}{\376\377\000A\000c\000t\000e\000u\000r\000s\000\040\000e\000t\000\040\000r\000\364\000l\000e\000s}{chapter.2}% 10
\BOOKMARK [1][-]{section.2.3}{\376\377\000E\000x\000i\000g\000e\000n\000c\000e\000s\000\040\000f\000o\000n\000c\000t\000i\000o\000n\000n\000e\000l\000l\000e\000s}{chapter.2}% 11
\BOOKMARK [1][-]{section.2.4}{\376\377\000E\000x\000i\000g\000e\000n\000c\000e\000s\000\040\000n\000o\000n\000\040\000f\000o\000n\000c\000t\000i\000o\000n\000n\000e\000l\000l\000e\000s}{chapter.2}% 12
\BOOKMARK [1][-]{section.2.5}{\376\377\000O\000b\000j\000e\000c\000t\000i\000f\000s\000\040\000t\000e\000c\000h\000n\000i\000q\000u\000e\000s}{chapter.2}% 13
\BOOKMARK [1][-]{section.2.6}{\376\377\000H\000o\000r\000s\000\040\000p\000\351\000r\000i\000m\000\350\000t\000r\000e}{chapter.2}% 14
\BOOKMARK [0][-]{chapter.3}{\376\377\000A\000r\000c\000h\000i\000t\000e\000c\000t\000u\000r\000e\000\040\000g\000l\000o\000b\000a\000l\000e}{}% 15
\BOOKMARK [1][-]{section.3.1}{\376\377\000V\000u\000e\000\040\000l\000o\000g\000i\000q\000u\000e}{chapter.3}% 16
\BOOKMARK [1][-]{section.3.2}{\376\377\000D\000e\000u\000x\000\040\000t\000o\000p\000o\000l\000o\000g\000i\000e\000s\000\040\000d\000e\000\040\000d\000\351\000p\000l\000o\000i\000e\000m\000e\000n\000t}{chapter.3}% 17
\BOOKMARK [2][-]{subsection.3.2.1}{\376\377\000M\000o\000d\000e\000\040\000d\000\351\000v\000e\000l\000o\000p\000p\000e\000m\000e\000n\000t\000\040\000\050\000D\000o\000c\000k\000e\000r\000\040\000C\000o\000m\000p\000o\000s\000e\000\051}{section.3.2}% 18
\BOOKMARK [2][-]{subsection.3.2.2}{\376\377\000M\000o\000d\000e\000\040\000c\000l\000u\000s\000t\000e\000r\000\040\000\050\000k\000i\000n\000d\000\040\000+\000\040\000H\000e\000l\000m\000\040\000+\000\040\000T\000e\000r\000r\000a\000f\000o\000r\000m\000\051}{section.3.2}% 19
\BOOKMARK [1][-]{section.3.3}{\376\377\000F\000l\000u\000x\000\040\000d\000e\000\040\000d\000o\000n\000n\000\351\000e\000s\000\040\000p\000r\000i\000n\000c\000i\000p\000a\000u\000x}{chapter.3}% 20
\BOOKMARK [2][-]{subsection.3.3.1}{\376\377\000A\000u\000t\000h\000e\000n\000t\000i\000f\000i\000c\000a\000t\000i\000o\000n}{section.3.3}% 21
\BOOKMARK [2][-]{subsection.3.3.2}{\376\377\000M\000o\000u\000v\000e\000m\000e\000n\000t\000\040\000d\000e\000\040\000s\000t\000o\000c\000k}{section.3.3}% 22
\BOOKMARK [2][-]{subsection.3.3.3}{\376\377\000O\000b\000s\000e\000r\000v\000a\000b\000i\000l\000i\000t\000\351}{section.3.3}% 23
\BOOKMARK [1][-]{section.3.4}{\376\377\000C\000h\000a\000\356\000n\000e\000\040\000d\000'\000o\000u\000t\000i\000l\000l\000a\000g\000e\000\040\000D\000e\000v\000O\000p\000s}{chapter.3}% 24
\BOOKMARK [1][-]{section.3.5}{\376\377\000C\000h\000o\000i\000x\000\040\000a\000r\000c\000h\000i\000t\000e\000c\000t\000u\000r\000a\000u\000x\000\040\000s\000t\000r\000u\000c\000t\000u\000r\000a\000n\000t\000s}{chapter.3}% 25
\BOOKMARK [0][-]{chapter.4}{\376\377\000B\000a\000c\000k\000e\000n\000d\000\040\040\024\000\040\000A\000P\000I\000\040\000F\000a\000s\000t\000A\000P\000I}{}% 26
\BOOKMARK [1][-]{section.4.1}{\376\377\000S\000t\000a\000c\000k\000\040\000e\000t\000\040\000o\000r\000g\000a\000n\000i\000s\000a\000t\000i\000o\000n\000\040\000d\000u\000\040\000c\000o\000d\000e}{chapter.4}% 27
\BOOKMARK [1][-]{section.4.2}{\376\377\000C\000o\000n\000f\000i\000g\000u\000r\000a\000t\000i\000o\000n}{chapter.4}% 28
\BOOKMARK [1][-]{section.4.3}{\376\377\000M\000o\000d\000\350\000l\000e\000\040\000d\000e\000\040\000d\000o\000m\000a\000i\000n\000e}{chapter.4}% 29
\BOOKMARK [2][-]{subsection.4.3.1}{\376\377\000E\000n\000t\000i\000t\000\351\000s}{section.4.3}% 30
\BOOKMARK [2][-]{subsection.4.3.2}{\376\377\000D\000i\000a\000g\000r\000a\000m\000m\000e\000\040\000e\000n\000t\000i\000t\000\351\000-\000a\000s\000s\000o\000c\000i\000a\000t\000i\000o\000n}{section.4.3}% 31
\BOOKMARK [1][-]{section.4.4}{\376\377\000S\000\351\000c\000u\000r\000i\000t\000\351\000\040\000e\000t\000\040\000a\000u\000t\000h\000e\000n\000t\000i\000f\000i\000c\000a\000t\000i\000o\000n}{chapter.4}% 32
\BOOKMARK [1][-]{section.4.5}{\376\377\000L\000o\000g\000i\000q\000u\000e\000\040\000m\000\351\000t\000i\000e\000r\000\040\000d\000e\000s\000\040\000m\000o\000u\000v\000e\000m\000e\000n\000t\000s}{chapter.4}% 33
\BOOKMARK [1][-]{section.4.6}{\376\377\000S\000u\000r\000f\000a\000c\000e\000\040\000A\000P\000I\000\040\000R\000E\000S\000T}{chapter.4}% 34
\BOOKMARK [1][-]{section.4.7}{\376\377\000E\000x\000p\000o\000r\000t\000\040\000S\0003}{chapter.4}% 35
\BOOKMARK [1][-]{section.4.8}{\376\377\000I\000n\000i\000t\000i\000a\000l\000i\000s\000a\000t\000i\000o\000n\000\040\000d\000e\000s\000\040\000d\000o\000n\000n\000\351\000e\000s}{chapter.4}% 36
\BOOKMARK [1][-]{section.4.9}{\376\377\000M\000i\000g\000r\000a\000t\000i\000o\000n\000s\000\040\000A\000l\000e\000m\000b\000i\000c}{chapter.4}% 37
\BOOKMARK [1][-]{section.4.10}{\376\377\000C\000o\000n\000t\000e\000n\000e\000u\000r\000i\000s\000a\000t\000i\000o\000n\000\040\000d\000e\000\040\000l\000'\000A\000P\000I}{chapter.4}% 38
\BOOKMARK [0][-]{chapter.5}{\376\377\000F\000r\000o\000n\000t\000e\000n\000d\000\040\040\024\000\040\000i\000n\000t\000e\000r\000f\000a\000c\000e\000\040\000S\000t\000o\000c\000k\000F\000l\000o\000w}{}% 39
\BOOKMARK [1][-]{section.5.1}{\376\377\000S\000t\000a\000c\000k\000\040\000t\000e\000c\000h\000n\000i\000q\000u\000e}{chapter.5}% 40
\BOOKMARK [1][-]{section.5.2}{\376\377\000A\000r\000c\000h\000i\000t\000e\000c\000t\000u\000r\000e\000\040\000f\000r\000o\000n\000t\000a\000l\000e}{chapter.5}% 41
\BOOKMARK [2][-]{subsection.5.2.1}{\376\377\000O\000r\000g\000a\000n\000i\000s\000a\000t\000i\000o\000n\000\040\000d\000e\000s\000\040\000s\000o\000u\000r\000c\000e\000s}{section.5.2}% 42
\BOOKMARK [2][-]{subsection.5.2.2}{\376\377\000R\000o\000u\000t\000a\000g\000e\000\040\000e\000t\000\040\000p\000r\000o\000t\000e\000c\000t\000i\000o\000n}{section.5.2}% 43
\BOOKMARK [1][-]{section.5.3}{\376\377\000C\000l\000i\000e\000n\000t\000\040\000A\000P\000I}{chapter.5}% 44
\BOOKMARK [1][-]{section.5.4}{\376\377\000P\000a\000g\000e\000s\000\040\000f\000o\000n\000c\000t\000i\000o\000n\000n\000e\000l\000l\000e\000s}{chapter.5}% 45
\BOOKMARK [2][-]{subsection.5.4.1}{\376\377\000C\000o\000n\000n\000e\000x\000i\000o\000n\000\040\000\050\000P\000a\000g\000e\000C\000o\000n\000n\000e\000x\000i\000o\000n\000.\000t\000s\000x\000\051}{section.5.4}% 46
\BOOKMARK [2][-]{subsection.5.4.2}{\376\377\000T\000a\000b\000l\000e\000a\000u\000\040\000d\000e\000\040\000b\000o\000r\000d}{section.5.4}% 47
\BOOKMARK [2][-]{subsection.5.4.3}{\376\377\000P\000r\000o\000d\000u\000i\000t\000s}{section.5.4}% 48
\BOOKMARK [2][-]{subsection.5.4.4}{\376\377\000C\000a\000t\000\351\000g\000o\000r\000i\000e\000s}{section.5.4}% 49
\BOOKMARK [2][-]{subsection.5.4.5}{\376\377\000M\000o\000u\000v\000e\000m\000e\000n\000t\000s}{section.5.4}% 50
\BOOKMARK [2][-]{subsection.5.4.6}{\376\377\000A\000l\000e\000r\000t\000e\000s}{section.5.4}% 51
\BOOKMARK [1][-]{section.5.5}{\376\377\000C\000o\000m\000p\000o\000s\000a\000n\000t\000s\000\040\000U\000I}{chapter.5}% 52
\BOOKMARK [1][-]{section.5.6}{\376\377\000\311\000t\000a\000t\000\040\000g\000l\000o\000b\000a\000l}{chapter.5}% 53
\BOOKMARK [1][-]{section.5.7}{\376\377\000L\000a\000y\000o\000u\000t\000\040\000r\000e\000s\000p\000o\000n\000s\000i\000v\000e}{chapter.5}% 54
\BOOKMARK [1][-]{section.5.8}{\376\377\000B\000u\000i\000l\000d\000\040\000e\000t\000\040\000l\000i\000v\000r\000a\000i\000s\000o\000n}{chapter.5}% 55
\BOOKMARK [1][-]{section.5.9}{\376\377\000P\000a\000r\000c\000o\000u\000r\000s\000\040\000u\000t\000i\000l\000i\000s\000a\000t\000e\000u\000r\000\040\000e\000t\000\040\000\351\000t\000a\000t\000s\000\040\000d\000'\000i\000n\000t\000e\000r\000f\000a\000c\000e}{chapter.5}% 56
\BOOKMARK [1][-]{section.5.10}{\376\377\000T\000e\000s\000t\000s\000\040\000f\000r\000o\000n\000t\000e\000n\000d}{chapter.5}% 57
\BOOKMARK [0][-]{chapter.6}{\376\377\000P\000e\000r\000s\000i\000s\000t\000a\000n\000c\000e\000\040\000e\000t\000\040\000m\000o\000d\000\350\000l\000e\000\040\000d\000e\000\040\000d\000o\000n\000n\000\351\000e\000s}{}% 58
\BOOKMARK [1][-]{section.6.1}{\376\377\000P\000o\000s\000t\000g\000r\000e\000S\000Q\000L\000\040\000c\000o\000m\000m\000e\000\040\000s\000o\000u\000r\000c\000e\000\040\000d\000e\000\040\000v\000\351\000r\000i\000t\000\351}{chapter.6}% 59
\BOOKMARK [1][-]{section.6.2}{\376\377\000S\000c\000h\000\351\000m\000a\000\040\000d\000\351\000t\000a\000i\000l\000l\000\351}{chapter.6}% 60
\BOOKMARK [2][-]{subsection.6.2.1}{\376\377\000T\000a\000b\000l\000e\000\040\000c\000a\000t\000e\000g\000o\000r\000i\000e}{section.6.2}% 61
\BOOKMARK [2][-]{subsection.6.2.2}{\376\377\000T\000a\000b\000l\000e\000\040\000u\000t\000i\000l\000i\000s\000a\000t\000e\000u\000r}{section.6.2}% 62
\BOOKMARK [2][-]{subsection.6.2.3}{\376\377\000T\000a\000b\000l\000e\000\040\000p\000r\000o\000d\000u\000i\000t}{section.6.2}% 63
\BOOKMARK [2][-]{subsection.6.2.4}{\376\377\000T\000a\000b\000l\000e\000\040\000m\000o\000u\000v\000e\000m\000e\000n\000t}{section.6.2}% 64
\BOOKMARK [1][-]{section.6.3}{\376\377\000R\000e\000q\000u\000\352\000t\000e\000s\000\040\000m\000\351\000t\000i\000e\000r\000\040\000t\000y\000p\000i\000q\000u\000e\000s}{chapter.6}% 65
\BOOKMARK [2][-]{subsection.6.3.1}{\376\377\000A\000l\000e\000r\000t\000e\000s}{section.6.3}% 66
\BOOKMARK [2][-]{subsection.6.3.2}{\376\377\000T\000a\000b\000l\000e\000a\000u\000\040\000d\000e\000\040\000b\000o\000r\000d}{section.6.3}% 67
\BOOKMARK [1][-]{section.6.4}{\376\377\000S\000t\000r\000a\000t\000\351\000g\000i\000e\000\040\000d\000e\000\040\000d\000\351\000m\000a\000r\000r\000a\000g\000e\000\040\000d\000u\000\040\000s\000c\000h\000\351\000m\000a}{chapter.6}% 68
\BOOKMARK [1][-]{section.6.5}{\376\377\000D\000o\000n\000n\000\351\000e\000s\000\040\000d\000e\000\040\000d\000\351\000m\000o\000n\000s\000t\000r\000a\000t\000i\000o\000n}{chapter.6}% 69
\BOOKMARK [1][-]{section.6.6}{\376\377\000F\000l\000u\000x\000\040\000t\000r\000a\000n\000s\000a\000c\000t\000i\000o\000n\000n\000e\000l\000\040\000d\000'\000u\000n\000\040\000m\000o\000u\000v\000e\000m\000e\000n\000t}{chapter.6}% 70
\BOOKMARK [1][-]{section.6.7}{\376\377\000R\000e\000l\000a\000t\000i\000o\000n\000s\000\040\000e\000t\000\040\000c\000a\000r\000d\000i\000n\000a\000l\000i\000t\000\351\000s}{chapter.6}% 71
\BOOKMARK [1][-]{section.6.8}{\376\377\000I\000n\000d\000e\000x\000\040\000e\000t\000\040\000p\000e\000r\000f\000o\000r\000m\000a\000n\000c\000e\000s}{chapter.6}% 72
\BOOKMARK [1][-]{section.6.9}{\376\377\000C\000o\000m\000p\000a\000r\000a\000i\000s\000o\000n\000\040\000S\000Q\000L\000i\000t\000e\000\040\000\050\000t\000e\000s\000t\000s\000\051\000\040\000e\000t\000\040\000P\000o\000s\000t\000g\000r\000e\000S\000Q\000L\000\040\000\050\000r\000u\000n\000t\000i\000m\000e\000\051}{chapter.6}% 73
\BOOKMARK [1][-]{section.6.10}{\376\377\000C\000o\000h\000\351\000r\000e\000n\000c\000e\000\040\000e\000t\000\040\000l\000i\000m\000i\000t\000e\000s}{chapter.6}% 74
\BOOKMARK [0][-]{chapter.7}{\376\377\000C\000o\000n\000t\000e\000n\000e\000u\000r\000i\000s\000a\000t\000i\000o\000n\000\040\000D\000o\000c\000k\000e\000r}{}% 75
\BOOKMARK [1][-]{section.7.1}{\376\377\000R\000\364\000l\000e\000\040\000d\000e\000\040\000D\000o\000c\000k\000e\000r\000\040\000d\000a\000n\000s\000\040\000l\000e\000\040\000p\000r\000o\000j\000e\000t}{chapter.7}% 76
\BOOKMARK [1][-]{section.7.2}{\376\377\000D\000o\000c\000k\000e\000r\000\040\000C\000o\000m\000p\000o\000s\000e\000\040\040\024\000\040\000d\000\351\000v\000e\000l\000o\000p\000p\000e\000m\000e\000n\000t}{chapter.7}% 77
\BOOKMARK [2][-]{subsection.7.2.1}{\376\377\000S\000e\000r\000v\000i\000c\000e\000s}{section.7.2}% 78
\BOOKMARK [2][-]{subsection.7.2.2}{\376\377\000V\000a\000r\000i\000a\000b\000l\000e\000s\000\040\000d\000'\000e\000n\000v\000i\000r\000o\000n\000n\000e\000m\000e\000n\000t\000\040\000A\000P\000I}{section.7.2}% 79
\BOOKMARK [2][-]{subsection.7.2.3}{\376\377\000H\000e\000a\000l\000t\000h\000c\000h\000e\000c\000k\000s}{section.7.2}% 80
\BOOKMARK [2][-]{subsection.7.2.4}{\376\377\000S\000c\000r\000i\000p\000t\000\040\000d\000e\000\040\000d\000\351\000m\000a\000r\000r\000a\000g\000e}{section.7.2}% 81
\BOOKMARK [1][-]{section.7.3}{\376\377\000D\000o\000c\000k\000e\000r\000f\000i\000l\000e\000\040\000b\000a\000c\000k\000e\000n\000d}{chapter.7}% 82
\BOOKMARK [1][-]{section.7.4}{\376\377\000D\000o\000c\000k\000e\000r\000f\000i\000l\000e\000\040\000f\000r\000o\000n\000t\000e\000n\000d}{chapter.7}% 83
\BOOKMARK [1][-]{section.7.5}{\376\377\000C\000o\000m\000p\000o\000s\000e\000\040\000o\000u\000t\000i\000l\000s}{chapter.7}% 84
\BOOKMARK [1][-]{section.7.6}{\376\377\000k\000i\000n\000d\000\040\000e\000t\000\040\000c\000h\000a\000r\000g\000e\000m\000e\000n\000t\000\040\000d\000'\000i\000m\000a\000g\000e\000s}{chapter.7}% 85
\BOOKMARK [1][-]{section.7.7}{\376\377\000R\000\351\000s\000e\000a\000u\000\040\000e\000t\000\040\000v\000o\000l\000u\000m\000e\000s}{chapter.7}% 86
\BOOKMARK [1][-]{section.7.8}{\376\377\000B\000o\000n\000n\000e\000s\000\040\000p\000r\000a\000t\000i\000q\000u\000e\000s\000\040\000a\000p\000p\000l\000i\000q\000u\000\351\000e\000s}{chapter.7}% 87
\BOOKMARK [0][-]{chapter.8}{\376\377\000K\000u\000b\000e\000r\000n\000e\000t\000e\000s\000\040\000e\000t\000\040\000H\000e\000l\000m}{}% 88
\BOOKMARK [1][-]{section.8.1}{\376\377\000K\000u\000b\000e\000r\000n\000e\000t\000e\000s\000\040\000e\000t\000\040\000k\000i\000n\000d}{chapter.8}% 89
\BOOKMARK [2][-]{subsection.8.1.1}{\376\377\000P\000r\000i\000n\000c\000i\000p\000e}{section.8.1}% 90
\BOOKMARK [2][-]{subsection.8.1.2}{\376\377\000C\000o\000n\000f\000i\000g\000u\000r\000a\000t\000i\000o\000n\000\040\000d\000u\000\040\000c\000l\000u\000s\000t\000e\000r}{section.8.1}% 91
\BOOKMARK [1][-]{section.8.2}{\376\377\000N\000a\000m\000e\000s\000p\000a\000c\000e\000s}{chapter.8}% 92
\BOOKMARK [1][-]{section.8.3}{\376\377\000C\000h\000a\000r\000t\000\040\000H\000e\000l\000m\000\040\000p\000f\000a\000-\000s\000t\000o\000c\000k}{chapter.8}% 93
\BOOKMARK [2][-]{subsection.8.3.1}{\376\377\000M\000\351\000t\000a\000d\000o\000n\000n\000\351\000e\000s}{section.8.3}% 94
\BOOKMARK [2][-]{subsection.8.3.2}{\376\377\000V\000a\000l\000u\000e\000s\000\040\000p\000r\000i\000n\000c\000i\000p\000a\000l\000e\000s}{section.8.3}% 95
\BOOKMARK [2][-]{subsection.8.3.3}{\376\377\000R\000e\000s\000s\000o\000u\000r\000c\000e\000s\000\040\000d\000\351\000p\000l\000o\000y\000\351\000e\000s}{section.8.3}% 96
\BOOKMARK [2][-]{subsection.8.3.4}{\376\377\000I\000n\000g\000r\000e\000s\000s\000\040\000e\000t\000\040\000r\000o\000u\000t\000a\000g\000e}{section.8.3}% 97
\BOOKMARK [2][-]{subsection.8.3.5}{\376\377\000S\000o\000n\000d\000e\000s\000\040\000A\000P\000I}{section.8.3}% 98
\BOOKMARK [2][-]{subsection.8.3.6}{\376\377\000S\000e\000r\000v\000i\000c\000e\000M\000o\000n\000i\000t\000o\000r}{section.8.3}% 99
\BOOKMARK [1][-]{section.8.4}{\376\377\000i\000n\000g\000r\000e\000s\000s\000-\000n\000g\000i\000n\000x\000\040\000s\000u\000r\000\040\000k\000i\000n\000d}{chapter.8}% 100
\BOOKMARK [1][-]{section.8.5}{\376\377\000C\000y\000c\000l\000e\000\040\000d\000e\000\040\000d\000\351\000p\000l\000o\000i\000e\000m\000e\000n\000t\000\040\000m\000a\000n\000u\000e\000l}{chapter.8}% 101
\BOOKMARK [1][-]{section.8.6}{\376\377\000L\000i\000m\000i\000t\000e\000s\000\040\000d\000u\000\040\000d\000\351\000p\000l\000o\000i\000e\000m\000e\000n\000t\000\040\000l\000o\000c\000a\000l}{chapter.8}% 102
\BOOKMARK [0][-]{chapter.9}{\376\377\000I\000n\000f\000r\000a\000s\000t\000r\000u\000c\000t\000u\000r\000e\000\040\000a\000s\000\040\000C\000o\000d\000e\000\040\040\024\000\040\000T\000e\000r\000r\000a\000f\000o\000r\000m}{}% 103
\BOOKMARK [1][-]{section.9.1}{\376\377\000O\000b\000j\000e\000c\000t\000i\000f\000s\000\040\000d\000e\000\040\000T\000e\000r\000r\000a\000f\000o\000r\000m\000\040\000d\000a\000n\000s\000\040\000S\000t\000o\000c\000k\000F\000l\000o\000w}{chapter.9}% 104
\BOOKMARK [1][-]{section.9.2}{\376\377\000P\000r\000o\000v\000i\000d\000e\000r\000s}{chapter.9}% 105
\BOOKMARK [2][-]{subsection.9.2.1}{\376\377\000A\000W\000S\000\040\041\222\000\040\000L\000o\000c\000a\000l\000S\000t\000a\000c\000k}{section.9.2}% 106
\BOOKMARK [2][-]{subsection.9.2.2}{\376\377\000K\000u\000b\000e\000r\000n\000e\000t\000e\000s\000\040\000e\000t\000\040\000H\000e\000l\000m}{section.9.2}% 107
\BOOKMARK [1][-]{section.9.3}{\376\377\000V\000a\000r\000i\000a\000b\000l\000e\000s}{chapter.9}% 108
\BOOKMARK [1][-]{section.9.4}{\376\377\000R\000e\000s\000s\000o\000u\000r\000c\000e\000s\000\040\000p\000a\000r\000\040\000f\000i\000c\000h\000i\000e\000r}{chapter.9}% 109
\BOOKMARK [2][-]{subsection.9.4.1}{\376\377\000k\000u\000b\000e\000r\000n\000e\000t\000e\000s\000.\000t\000f}{section.9.4}% 110
\BOOKMARK [2][-]{subsection.9.4.2}{\376\377\000l\000o\000c\000a\000l\000s\000t\000a\000c\000k\000.\000t\000f}{section.9.4}% 111
\BOOKMARK [2][-]{subsection.9.4.3}{\376\377\000h\000e\000l\000m\000.\000t\000f}{section.9.4}% 112
\BOOKMARK [2][-]{subsection.9.4.4}{\376\377\000g\000r\000a\000f\000a\000n\000a\000\137\000d\000a\000s\000h\000b\000o\000a\000r\000d\000.\000t\000f}{section.9.4}% 113
\BOOKMARK [1][-]{section.9.5}{\376\377\000E\000x\000\351\000c\000u\000t\000i\000o\000n\000\040\000o\000p\000\351\000r\000a\000t\000i\000o\000n\000n\000e\000l\000l\000e}{chapter.9}% 114
\BOOKMARK [1][-]{section.9.6}{\376\377\000V\000a\000l\000i\000d\000a\000t\000i\000o\000n\000\040\000e\000n\000\040\000C\000I}{chapter.9}% 115
\BOOKMARK [1][-]{section.9.7}{\376\377\000F\000i\000c\000h\000i\000e\000r\000s\000\040\000T\000e\000r\000r\000a\000f\000o\000r\000m\000\040\000e\000t\000\040\000r\000e\000s\000p\000o\000n\000s\000a\000b\000i\000l\000i\000t\000\351\000s}{chapter.9}% 116
\BOOKMARK [1][-]{section.9.8}{\376\377\000M\000i\000g\000r\000a\000t\000i\000o\000n\000\040\000v\000e\000r\000s\000\040\000u\000n\000\040\000c\000l\000o\000u\000d\000\040\000r\000\351\000e\000l}{chapter.9}% 117
\BOOKMARK [0][-]{chapter.10}{\376\377\000O\000b\000s\000e\000r\000v\000a\000b\000i\000l\000i\000t\000\351\000\040\040\024\000\040\000P\000r\000o\000m\000e\000t\000h\000e\000u\000s\000\040\000e\000t\000\040\000G\000r\000a\000f\000a\000n\000a}{}% 118
\BOOKMARK [1][-]{section.10.1}{\376\377\000O\000b\000j\000e\000c\000t\000i\000f\000s}{chapter.10}% 119
\BOOKMARK [1][-]{section.10.2}{\376\377\000I\000n\000s\000t\000r\000u\000m\000e\000n\000t\000a\000t\000i\000o\000n\000\040\000a\000p\000p\000l\000i\000c\000a\000t\000i\000v\000e}{chapter.10}% 120
\BOOKMARK [1][-]{section.10.3}{\376\377\000k\000u\000b\000e\000-\000p\000r\000o\000m\000e\000t\000h\000e\000u\000s\000-\000s\000t\000a\000c\000k}{chapter.10}% 121
\BOOKMARK [1][-]{section.10.4}{\376\377\000S\000e\000r\000v\000i\000c\000e\000M\000o\000n\000i\000t\000o\000r}{chapter.10}% 122
\BOOKMARK [1][-]{section.10.5}{\376\377\000F\000l\000u\000x\000\040\000d\000e\000\040\000m\000\351\000t\000r\000i\000q\000u\000e\000s}{chapter.10}% 123
\BOOKMARK [1][-]{section.10.6}{\376\377\000D\000a\000s\000h\000b\000o\000a\000r\000d\000\040\000G\000r\000a\000f\000a\000n\000a}{chapter.10}% 124
\BOOKMARK [1][-]{section.10.7}{\376\377\000A\000c\000c\000\350\000s\000\040\000o\000p\000\351\000r\000a\000t\000i\000o\000n\000n\000e\000l}{chapter.10}% 125
\BOOKMARK [1][-]{section.10.8}{\376\377\000M\000o\000d\000e\000\040\000d\000\351\000v\000e\000l\000o\000p\000p\000e\000m\000e\000n\000t}{chapter.10}% 126
\BOOKMARK [1][-]{section.10.9}{\376\377\000A\000l\000e\000r\000t\000i\000n\000g}{chapter.10}% 127
\BOOKMARK [0][-]{chapter.11}{\376\377\000I\000n\000t\000\351\000g\000r\000a\000t\000i\000o\000n\000\040\000c\000o\000n\000t\000i\000n\000u\000e\000\040\040\024\000\040\000G\000i\000t\000H\000u\000b\000\040\000A\000c\000t\000i\000o\000n\000s}{}% 128
\BOOKMARK [1][-]{section.11.1}{\376\377\000P\000r\000i\000n\000c\000i\000p\000e\000s}{chapter.11}% 129
\BOOKMARK [1][-]{section.11.2}{\376\377\000D\000\351\000c\000l\000e\000n\000c\000h\000e\000u\000r\000s}{chapter.11}% 130
\BOOKMARK [1][-]{section.11.3}{\376\377\000V\000u\000e\000\040\000d\000'\000e\000n\000s\000e\000m\000b\000l\000e}{chapter.11}% 131
\BOOKMARK [1][-]{section.11.4}{\376\377\000S\000t\000r\000u\000c\000t\000u\000r\000e\000\040\000d\000u\000\040\000f\000i\000c\000h\000i\000e\000r\000\040\000w\000o\000r\000k\000f\000l\000o\000w}{chapter.11}% 132
\BOOKMARK [1][-]{section.11.5}{\376\377\000J\000o\000b\000\040\000b\000a\000c\000k\000e\000n\000d}{chapter.11}% 133
\BOOKMARK [1][-]{section.11.6}{\376\377\000J\000o\000b\000\040\000f\000r\000o\000n\000t\000e\000n\000d}{chapter.11}% 134
\BOOKMARK [1][-]{section.11.7}{\376\377\000J\000o\000b\000\040\000d\000o\000c\000k\000e\000r}{chapter.11}% 135
\BOOKMARK [1][-]{section.11.8}{\376\377\000J\000o\000b\000\040\000t\000e\000r\000r\000a\000f\000o\000r\000m}{chapter.11}% 136
\BOOKMARK [1][-]{section.11.9}{\376\377\000J\000o\000b\000\040\000h\000e\000l\000m}{chapter.11}% 137
\BOOKMARK [1][-]{section.11.10}{\376\377\000J\000o\000b\000\040\000k\000u\000b\000e\000r\000n\000e\000t\000e\000s}{chapter.11}% 138
\BOOKMARK [1][-]{section.11.11}{\376\377\000C\000o\000m\000p\000a\000r\000a\000i\000s\000o\000n\000\040\000a\000v\000e\000c\000\040\000m\000a\000k\000e\000\040\000t\000e\000s\000t}{chapter.11}% 139
\BOOKMARK [1][-]{section.11.12}{\376\377\000M\000a\000t\000r\000i\000c\000e\000\040\000d\000e\000s\000\040\000a\000c\000t\000i\000o\000n\000s\000\040\000t\000i\000e\000r\000c\000e\000s}{chapter.11}% 140
\BOOKMARK [1][-]{section.11.13}{\376\377\000\311\000c\000h\000e\000c\000s\000\040\000e\000t\000\040\000g\000o\000u\000v\000e\000r\000n\000a\000n\000c\000e}{chapter.11}% 141
\BOOKMARK [1][-]{section.11.14}{\376\377\000\311\000v\000o\000l\000u\000t\000i\000o\000n\000s\000\040\000C\000D\000\040\000p\000o\000s\000s\000i\000b\000l\000e\000s}{chapter.11}% 142
\BOOKMARK [0][-]{chapter.12}{\376\377\000S\000\351\000c\000u\000r\000i\000t\000\351\000,\000\040\000t\000e\000s\000t\000s\000\040\000e\000t\000\040\000q\000u\000a\000l\000i\000t\000\351}{}% 143
\BOOKMARK [1][-]{section.12.1}{\376\377\000M\000o\000d\000\350\000l\000e\000\040\000d\000e\000\040\000m\000e\000n\000a\000c\000e\000\040\000\050\000p\000\351\000r\000i\000m\000\350\000t\000r\000e\000\040\000l\000o\000c\000a\000l\000\051}{chapter.12}% 144
\BOOKMARK [1][-]{section.12.2}{\376\377\000A\000u\000t\000h\000e\000n\000t\000i\000f\000i\000c\000a\000t\000i\000o\000n\000\040\000e\000t\000\040\000a\000u\000t\000o\000r\000i\000s\000a\000t\000i\000o\000n}{chapter.12}% 145
\BOOKMARK [1][-]{section.12.3}{\376\377\000S\000e\000c\000r\000e\000t\000s\000\040\000e\000t\000\040\000c\000o\000n\000f\000i\000g\000u\000r\000a\000t\000i\000o\000n}{chapter.12}% 146
\BOOKMARK [1][-]{section.12.4}{\376\377\000C\000O\000R\000S}{chapter.12}% 147
\BOOKMARK [1][-]{section.12.5}{\376\377\000R\000\351\000s\000e\000a\000u\000\040\000K\000u\000b\000e\000r\000n\000e\000t\000e\000s}{chapter.12}% 148
\BOOKMARK [1][-]{section.12.6}{\376\377\000T\000e\000s\000t\000s\000\040\000a\000u\000t\000o\000m\000a\000t\000i\000s\000\351\000s}{chapter.12}% 149
\BOOKMARK [2][-]{subsection.12.6.1}{\376\377\000B\000a\000c\000k\000e\000n\000d\000\040\000\050\000p\000y\000t\000e\000s\000t\000\051}{section.12.6}% 150
\BOOKMARK [2][-]{subsection.12.6.2}{\376\377\000F\000r\000o\000n\000t\000e\000n\000d\000\040\000\050\000V\000i\000t\000e\000s\000t\000\051}{section.12.6}% 151
\BOOKMARK [2][-]{subsection.12.6.3}{\376\377\000S\000m\000o\000k\000e\000\040\000t\000e\000s\000t\000s\000\040\000\050\000m\000a\000k\000e\000\040\000v\000e\000r\000i\000f\000y\000\051}{section.12.6}% 152
\BOOKMARK [1][-]{section.12.7}{\376\377\000A\000n\000a\000l\000y\000s\000e\000\040\000s\000t\000a\000t\000i\000q\000u\000e}{chapter.12}% 153
\BOOKMARK [1][-]{section.12.8}{\376\377\000P\000i\000s\000t\000e\000s\000\040\000d\000e\000\040\000d\000u\000r\000c\000i\000s\000s\000e\000m\000e\000n\000t\000\040\000p\000r\000o\000d\000u\000c\000t\000i\000o\000n}{chapter.12}% 154
\BOOKMARK [0][-]{chapter.13}{\376\377\000E\000x\000p\000l\000o\000i\000t\000a\000t\000i\000o\000n\000\040\000e\000t\000\040\000s\000c\000r\000i\000p\000t\000s\000\040\000d\000'\000a\000u\000t\000o\000m\000a\000t\000i\000s\000a\000t\000i\000o\000n}{}% 155
\BOOKMARK [1][-]{section.13.1}{\376\377\000M\000a\000k\000e\000f\000i\000l\000e\000\040\000c\000o\000m\000m\000e\000\040\000p\000o\000i\000n\000t\000\040\000d\000'\000e\000n\000t\000r\000\351\000e}{chapter.13}% 156
\BOOKMARK [1][-]{section.13.2}{\376\377\000S\000c\000r\000i\000p\000t\000s\000\040\000s\000h\000e\000l\000l}{chapter.13}% 157
\BOOKMARK [1][-]{section.13.3}{\376\377\000P\000r\000\351\000r\000e\000q\000u\000i\000s\000\040\000m\000a\000c\000h\000i\000n\000e\000\040\000h\000\364\000t\000e}{chapter.13}% 158
\BOOKMARK [1][-]{section.13.4}{\376\377\000I\000d\000e\000n\000t\000i\000f\000i\000a\000n\000t\000s\000\040\000e\000t\000\040\000U\000R\000L\000s}{chapter.13}% 159
\BOOKMARK [2][-]{subsection.13.4.1}{\376\377\000M\000o\000d\000e\000\040\000d\000e\000v}{section.13.4}% 160
\BOOKMARK [2][-]{subsection.13.4.2}{\376\377\000M\000o\000d\000e\000\040\000c\000l\000u\000s\000t\000e\000r}{section.13.4}% 161
\BOOKMARK [1][-]{section.13.5}{\376\377\000D\000\351\000p\000a\000n\000n\000a\000g\000e\000\040\000c\000o\000u\000r\000a\000n\000t}{chapter.13}% 162
\BOOKMARK [1][-]{section.13.6}{\376\377\000L\000o\000g\000s\000\040\000e\000t\000\040\000d\000i\000a\000g\000n\000o\000s\000t\000i\000c}{chapter.13}% 163
\BOOKMARK [1][-]{section.13.7}{\376\377\000S\000a\000u\000v\000e\000g\000a\000r\000d\000e}{chapter.13}% 164
\BOOKMARK [0][-]{chapter.14}{\376\377\000C\000o\000n\000c\000l\000u\000s\000i\000o\000n\000\040\000e\000t\000\040\000p\000e\000r\000s\000p\000e\000c\000t\000i\000v\000e\000s}{}% 165
\BOOKMARK [1][-]{section.14.1}{\376\377\000B\000i\000l\000a\000n}{chapter.14}% 166
\BOOKMARK [1][-]{section.14.2}{\376\377\000O\000b\000j\000e\000c\000t\000i\000f\000s\000\040\000a\000t\000t\000e\000i\000n\000t\000s}{chapter.14}% 167
\BOOKMARK [1][-]{section.14.3}{\376\377\000L\000i\000m\000i\000t\000e\000s\000\040\000c\000o\000n\000n\000u\000e\000s}{chapter.14}% 168
\BOOKMARK [1][-]{section.14.4}{\376\377\000P\000e\000r\000s\000p\000e\000c\000t\000i\000v\000e\000s}{chapter.14}% 169
\BOOKMARK [1][-]{section.14.5}{\376\377\000M\000o\000t\000\040\000d\000e\000\040\000f\000i\000n}{chapter.14}% 170
\BOOKMARK [0][-]{appendix.A}{\376\377\000A\000n\000n\000e\000x\000e\000\040\000A\000\040\040\024\000\040\000R\000\351\000f\000\351\000r\000e\000n\000c\000e\000\040\000A\000P\000I\000\040\000R\000E\000S\000T}{}% 171
\BOOKMARK [1][-]{section.A.1}{\376\377\000A\000u\000t\000h}{appendix.A}% 172
\BOOKMARK [1][-]{section.A.2}{\376\377\000C\000a\000t\000\351\000g\000o\000r\000i\000e\000s}{appendix.A}% 173
\BOOKMARK [1][-]{section.A.3}{\376\377\000P\000r\000o\000d\000u\000i\000t\000s}{appendix.A}% 174
\BOOKMARK [1][-]{section.A.4}{\376\377\000M\000o\000u\000v\000e\000m\000e\000n\000t\000s}{appendix.A}% 175
\BOOKMARK [1][-]{section.A.5}{\376\377\000T\000a\000b\000l\000e\000a\000u\000\040\000d\000e\000\040\000b\000o\000r\000d}{appendix.A}% 176
\BOOKMARK [1][-]{section.A.6}{\376\377\000E\000x\000p\000o\000r\000t\000s}{appendix.A}% 177
\BOOKMARK [1][-]{section.A.7}{\376\377\000S\000a\000n\000t\000\351\000\040\000e\000t\000\040\000m\000\351\000t\000r\000i\000q\000u\000e\000s}{appendix.A}% 178
\BOOKMARK [1][-]{section.A.8}{\376\377\000E\000x\000e\000m\000p\000l\000e\000s\000\040\000d\000e\000\040\000p\000a\000y\000l\000o\000a\000d\000s\000\040\000J\000S\000O\000N}{appendix.A}% 179
\BOOKMARK [2][-]{subsection.A.8.1}{\376\377\000C\000o\000n\000n\000e\000x\000i\000o\000n}{section.A.8}% 180
\BOOKMARK [2][-]{subsection.A.8.2}{\376\377\000C\000r\000\351\000a\000t\000i\000o\000n\000\040\000d\000e\000\040\000p\000r\000o\000d\000u\000i\000t}{section.A.8}% 181
\BOOKMARK [2][-]{subsection.A.8.3}{\376\377\000M\000o\000u\000v\000e\000m\000e\000n\000t\000\040\000d\000e\000\040\000s\000o\000r\000t\000i\000e}{section.A.8}% 182
\BOOKMARK [2][-]{subsection.A.8.4}{\376\377\000T\000a\000b\000l\000e\000a\000u\000\040\000d\000e\000\040\000b\000o\000r\000d\000\040\000\050\000e\000x\000t\000r\000a\000i\000t\000\040\000d\000e\000\040\000r\000\351\000p\000o\000n\000s\000e\000\051}{section.A.8}% 183
\BOOKMARK [1][-]{section.A.9}{\376\377\000C\000o\000d\000e\000s\000\040\000d\000'\000e\000r\000r\000e\000u\000r\000\040\000H\000T\000T\000P\000\040\000c\000o\000u\000r\000a\000n\000t\000s}{appendix.A}% 184
\BOOKMARK [1][-]{section.A.10}{\376\377\000E\000x\000e\000m\000p\000l\000e\000s\000\040\000c\000U\000R\000L\000\040\000\050\000m\000o\000d\000e\000\040\000C\000o\000m\000p\000o\000s\000e\000\051}{appendix.A}% 185
\BOOKMARK [0][-]{appendix.B}{\376\377\000A\000n\000n\000e\000x\000e\000\040\000B\000\040\040\024\000\040\000C\000o\000n\000f\000i\000g\000u\000r\000a\000t\000i\000o\000n\000\040\000e\000t\000\040\000v\000e\000r\000s\000i\000o\000n\000s}{}% 186
\BOOKMARK [1][-]{section.B.1}{\376\377\000V\000a\000r\000i\000a\000b\000l\000e\000s\000\040\000d\000'\000e\000n\000v\000i\000r\000o\000n\000n\000e\000m\000e\000n\000t\000\040\000\050\000.\000e\000n\000v\000.\000e\000x\000a\000m\000p\000l\000e\000\051}{appendix.B}% 187
\BOOKMARK [1][-]{section.B.2}{\376\377\000V\000e\000r\000s\000i\000o\000n\000s\000\040\000d\000'\000o\000u\000t\000i\000l\000s\000\040\000\050\000r\000\351\000f\000\351\000r\000e\000n\000c\000e\000\051}{appendix.B}% 188
\BOOKMARK [1][-]{section.B.3}{\376\377\000F\000i\000c\000h\000i\000e\000r\000s\000\040\000d\000e\000\040\000r\000\351\000f\000\351\000r\000e\000n\000c\000e\000\040\000r\000a\000p\000i\000d\000e}{appendix.B}% 189
